
# 2025-12-02 22:25:09.478205
+You are an AI coding assistant working on a Node.js + TypeScript project.
+When generating code, you must strictly follow the rules, conventions, and constraints defined in the following documents:
+	- Folder structure: docs/technical/folder-structure.md
+	- Tech stack: docs/technical/tech-stack.md
+	- Software Requirements Specification (SRS): docs/srs/srs-llms.md
+    - Use proper imports with js extensions (e.g. import { User } from '../models/User.js') for typescript files
+
+Instructions:
+	1.	Always consult and adhere to the folder structure when creating, modifying, or referencing files.
+	2.	Use the libraries, frameworks, and patterns defined in the tech stack document.
+	3.	Ensure all features, functions, and naming conventions align with the SRS requirements.
+	4.	If any requirement is unclear, ask for clarification before proceeding.
+
+Create some sample users json with few fields, and seed them in MongoDB new users collection using simple node's mongo package.
+Also create unit tests for the generated code

# 2025-12-02 22:25:09.479187
+You are an AI coding assistant working on a Node.js + TypeScript project.
+When generating code, you must strictly follow the rules, conventions, and constraints defined in the following documents:
+	- Folder structure: docs/technical/folder-structure.md
+	- Tech stack: docs/technical/tech-stack.md
+	- Software Requirements Specification (SRS): docs/srs/srs-llms.md
+    - Use proper imports with js extensions (e.g. import { User } from '../models/User.js') for typescript files
+
+Instructions:
+	1.	Always consult and adhere to the folder structure when creating, modifying, or referencing files.
+	2.	Use the libraries, frameworks, and patterns defined in the tech stack document.
+	3.	Ensure all features, functions, and naming conventions align with the SRS requirements.
+	4.	If any requirement is unclear, ask for clarification before proceeding.
+
+Create some sample users json with few fields, and seed them in MongoDB new users collection using simple node's mongo package.
+Also create unit tests for the generated code

# 2025-12-02 22:25:45.911633
+Following shell commands execution failed (check .aider.chat.history.md file) :
+   command: vitest run
+ error: {"stack":"Error: Command failed with exit code 1: \n\u001b[31m⎯⎯⎯⎯⎯⎯\u001b[39m\u001b[1m\u001b[41m Failed Suites 1 \u001b[49m\u001b[22m\u001b[31m⎯⎯⎯⎯⎯⎯⎯\u001b[39m\n\n\u001b[41m\u001b[1m FAIL \u001b[22m\u001b[49m tests/unit/database/user-seed.test.ts\u001b[2m [ tests/unit/database/user-seed.test.ts ]\u001b[22m\n\u001b[31m\u001b[1mError\u001b[22m: Failed to parse JSON file, invalid JSON syntax found at position 174\u001b[39m\n  Plugin: \u001b[35mvite:json\u001b[39m\n  File: \u001b[36m/Users/prasanrajpurohit/Documents/repos/github/demo-code-genie/src/database/seeds/sample-users.json\u001b[39m:12:1\n\u001b[33m  10 |      \"age\": 25\n  11 |    }\n  12 |  ]\n     |   ^\n  13 |  [\n  14 |    {\u001b[39m\n\u001b[90m \u001b[2m❯\u001b[22m TransformPluginContext._formatLog ../sdlc-genie-backend/node_modules/vite/dist/node/chunks/dep-CMEinpL-.js:\u001b[2m31553:43\u001b[22m\u001b[39m\n\u001b[90m \u001b[2m❯\u001b[22m TransformPluginContext.error ../sdlc-genie-backend/node_modules/vite/dist/node/chunks/dep-CMEinpL-.js:\u001b[2m31550:14\u001b[22m\u001b[39m\n\u001b[90m \u001b[2m❯\u001b[22m TransformPluginContext.handler ../sdlc-genie-backend/node_modules/vite/dist/node/chunks/dep-CMEinpL-.js:\u001b[2m9019:11\u001b[22m\u001b[39m\n\u001b[90m \u001b[2m❯\u001b[22m EnvironmentPluginContainer.transform ../sdlc-genie-backend/node_modules/vite/dist/node/chunks/dep-CMEinpL-.js:\u001b[2m31351:51\u001b[22m\u001b[39m\n\u001b[90m \u001b[2m❯\u001b[22m loadAndTransform ../sdlc-genie-backend/node_modules/vite/dist/node/chunks/dep-CMEinpL-.js:\u001b[2m26438:26\u001b[22m\u001b[39m\n\n\u001b[31m\u001b[2m⎯⎯⎯⎯⎯⎯⎯⎯⎯⎯⎯⎯⎯⎯⎯⎯⎯⎯⎯⎯⎯⎯⎯⎯[1/1]⎯\u001b[22m\u001b[39m\n\n\n    at ChildProcess.<anonymous> (/Users/prasanrajpurohit/Documents/repos/github/sdlc-genie-backend/packages/util-aider-cli/src/helpers/shell.ts:41:18)\n    at ChildProcess.emit (node:events:518:28)\n    at maybeClose (node:internal/child_process:1101:16)\n    at Process.ChildProcess._handle.onexit (node:internal/child_process:304:5)\n    at Process.callbackTrampoline (node:internal/async_hooks:130:17)","message":"Command failed with exit code 1: \n\u001b[31m⎯⎯⎯⎯⎯⎯\u001b[39m\u001b[1m\u001b[41m Failed Suites 1 \u001b[49m\u001b[22m\u001b[31m⎯⎯⎯⎯⎯⎯⎯\u001b[39m\n\n\u001b[41m\u001b[1m FAIL \u001b[22m\u001b[49m tests/unit/database/user-seed.test.ts\u001b[2m [ tests/unit/database/user-seed.test.ts ]\u001b[22m\n\u001b[31m\u001b[1mError\u001b[22m: Failed to parse JSON file, invalid JSON syntax found at position 174\u001b[39m\n  Plugin: \u001b[35mvite:json\u001b[39m\n  File: \u001b[36m/Users/prasanrajpurohit/Documents/repos/github/demo-code-genie/src/database/seeds/sample-users.json\u001b[39m:12:1\n\u001b[33m  10 |      \"age\": 25\n  11 |    }\n  12 |  ]\n     |   ^\n  13 |  [\n  14 |    {\u001b[39m\n\u001b[90m \u001b[2m❯\u001b[22m TransformPluginContext._formatLog ../sdlc-genie-backend/node_modules/vite/dist/node/chunks/dep-CMEinpL-.js:\u001b[2m31553:43\u001b[22m\u001b[39m\n\u001b[90m \u001b[2m❯\u001b[22m TransformPluginContext.error ../sdlc-genie-backend/node_modules/vite/dist/node/chunks/dep-CMEinpL-.js:\u001b[2m31550:14\u001b[22m\u001b[39m\n\u001b[90m \u001b[2m❯\u001b[22m TransformPluginContext.handler ../sdlc-genie-backend/node_modules/vite/dist/node/chunks/dep-CMEinpL-.js:\u001b[2m9019:11\u001b[22m\u001b[39m\n\u001b[90m \u001b[2m❯\u001b[22m EnvironmentPluginContainer.transform ../sdlc-genie-backend/node_modules/vite/dist/node/chunks/dep-CMEinpL-.js:\u001b[2m31351:51\u001b[22m\u001b[39m\n\u001b[90m \u001b[2m❯\u001b[22m loadAndTransform ../sdlc-genie-backend/node_modules/vite/dist/node/chunks/dep-CMEinpL-.js:\u001b[2m26438:26\u001b[22m\u001b[39m\n\n\u001b[31m\u001b[2m⎯⎯⎯⎯⎯⎯⎯⎯⎯⎯⎯⎯⎯⎯⎯⎯⎯⎯⎯⎯⎯⎯⎯⎯[1/1]⎯\u001b[22m\u001b[39m\n\n"}
+

# 2025-12-02 22:25:45.911880
+Following shell commands execution failed (check .aider.chat.history.md file) :
+   command: vitest run
+ error: {"stack":"Error: Command failed with exit code 1: \n\u001b[31m⎯⎯⎯⎯⎯⎯\u001b[39m\u001b[1m\u001b[41m Failed Suites 1 \u001b[49m\u001b[22m\u001b[31m⎯⎯⎯⎯⎯⎯⎯\u001b[39m\n\n\u001b[41m\u001b[1m FAIL \u001b[22m\u001b[49m tests/unit/database/user-seed.test.ts\u001b[2m [ tests/unit/database/user-seed.test.ts ]\u001b[22m\n\u001b[31m\u001b[1mError\u001b[22m: Failed to parse JSON file, invalid JSON syntax found at position 174\u001b[39m\n  Plugin: \u001b[35mvite:json\u001b[39m\n  File: \u001b[36m/Users/prasanrajpurohit/Documents/repos/github/demo-code-genie/src/database/seeds/sample-users.json\u001b[39m:12:1\n\u001b[33m  10 |      \"age\": 25\n  11 |    }\n  12 |  ]\n     |   ^\n  13 |  [\n  14 |    {\u001b[39m\n\u001b[90m \u001b[2m❯\u001b[22m TransformPluginContext._formatLog ../sdlc-genie-backend/node_modules/vite/dist/node/chunks/dep-CMEinpL-.js:\u001b[2m31553:43\u001b[22m\u001b[39m\n\u001b[90m \u001b[2m❯\u001b[22m TransformPluginContext.error ../sdlc-genie-backend/node_modules/vite/dist/node/chunks/dep-CMEinpL-.js:\u001b[2m31550:14\u001b[22m\u001b[39m\n\u001b[90m \u001b[2m❯\u001b[22m TransformPluginContext.handler ../sdlc-genie-backend/node_modules/vite/dist/node/chunks/dep-CMEinpL-.js:\u001b[2m9019:11\u001b[22m\u001b[39m\n\u001b[90m \u001b[2m❯\u001b[22m EnvironmentPluginContainer.transform ../sdlc-genie-backend/node_modules/vite/dist/node/chunks/dep-CMEinpL-.js:\u001b[2m31351:51\u001b[22m\u001b[39m\n\u001b[90m \u001b[2m❯\u001b[22m loadAndTransform ../sdlc-genie-backend/node_modules/vite/dist/node/chunks/dep-CMEinpL-.js:\u001b[2m26438:26\u001b[22m\u001b[39m\n\n\u001b[31m\u001b[2m⎯⎯⎯⎯⎯⎯⎯⎯⎯⎯⎯⎯⎯⎯⎯⎯⎯⎯⎯⎯⎯⎯⎯⎯[1/1]⎯\u001b[22m\u001b[39m\n\n\n    at ChildProcess.<anonymous> (/Users/prasanrajpurohit/Documents/repos/github/sdlc-genie-backend/packages/util-aider-cli/src/helpers/shell.ts:41:18)\n    at ChildProcess.emit (node:events:518:28)\n    at maybeClose (node:internal/child_process:1101:16)\n    at Process.ChildProcess._handle.onexit (node:internal/child_process:304:5)\n    at Process.callbackTrampoline (node:internal/async_hooks:130:17)","message":"Command failed with exit code 1: \n\u001b[31m⎯⎯⎯⎯⎯⎯\u001b[39m\u001b[1m\u001b[41m Failed Suites 1 \u001b[49m\u001b[22m\u001b[31m⎯⎯⎯⎯⎯⎯⎯\u001b[39m\n\n\u001b[41m\u001b[1m FAIL \u001b[22m\u001b[49m tests/unit/database/user-seed.test.ts\u001b[2m [ tests/unit/database/user-seed.test.ts ]\u001b[22m\n\u001b[31m\u001b[1mError\u001b[22m: Failed to parse JSON file, invalid JSON syntax found at position 174\u001b[39m\n  Plugin: \u001b[35mvite:json\u001b[39m\n  File: \u001b[36m/Users/prasanrajpurohit/Documents/repos/github/demo-code-genie/src/database/seeds/sample-users.json\u001b[39m:12:1\n\u001b[33m  10 |      \"age\": 25\n  11 |    }\n  12 |  ]\n     |   ^\n  13 |  [\n  14 |    {\u001b[39m\n\u001b[90m \u001b[2m❯\u001b[22m TransformPluginContext._formatLog ../sdlc-genie-backend/node_modules/vite/dist/node/chunks/dep-CMEinpL-.js:\u001b[2m31553:43\u001b[22m\u001b[39m\n\u001b[90m \u001b[2m❯\u001b[22m TransformPluginContext.error ../sdlc-genie-backend/node_modules/vite/dist/node/chunks/dep-CMEinpL-.js:\u001b[2m31550:14\u001b[22m\u001b[39m\n\u001b[90m \u001b[2m❯\u001b[22m TransformPluginContext.handler ../sdlc-genie-backend/node_modules/vite/dist/node/chunks/dep-CMEinpL-.js:\u001b[2m9019:11\u001b[22m\u001b[39m\n\u001b[90m \u001b[2m❯\u001b[22m EnvironmentPluginContainer.transform ../sdlc-genie-backend/node_modules/vite/dist/node/chunks/dep-CMEinpL-.js:\u001b[2m31351:51\u001b[22m\u001b[39m\n\u001b[90m \u001b[2m❯\u001b[22m loadAndTransform ../sdlc-genie-backend/node_modules/vite/dist/node/chunks/dep-CMEinpL-.js:\u001b[2m26438:26\u001b[22m\u001b[39m\n\n\u001b[31m\u001b[2m⎯⎯⎯⎯⎯⎯⎯⎯⎯⎯⎯⎯⎯⎯⎯⎯⎯⎯⎯⎯⎯⎯⎯⎯[1/1]⎯\u001b[22m\u001b[39m\n\n"}
+

# 2025-12-02 22:26:15.583001
+Following shell commands execution failed (check .aider.chat.history.md file) :
+   command: vitest run
+ error: {"stack":"Error: Command failed with exit code 1: \n\u001b[31m⎯⎯⎯⎯⎯⎯⎯\u001b[39m\u001b[1m\u001b[41m Failed Tests 1 \u001b[49m\u001b[22m\u001b[31m⎯⎯⎯⎯⎯⎯⎯\u001b[39m\n\n\u001b[41m\u001b[1m FAIL \u001b[22m\u001b[49m tests/unit/database/user-seed.test.ts\u001b[2m > \u001b[22mUser Seed\u001b[2m > \u001b[22mshould seed users into the database\n\u001b[31m\u001b[1mMongoBulkWriteError\u001b[22m: E11000 duplicate key error collection: dbSdlcGenie.users index: _id_ dup key: { _id: ObjectId('692f1a28f4c1268d4b472e3b') }\u001b[39m\n\u001b[90m \u001b[2m❯\u001b[22m OrderedBulkOperation.handleWriteError node_modules/mongodb/src/bulk/common.ts:\u001b[2m1274:9\u001b[22m\u001b[39m\n\u001b[90m \u001b[2m❯\u001b[22m resultHandler node_modules/mongodb/src/bulk/common.ts:\u001b[2m586:23\u001b[22m\u001b[39m\n\u001b[90m \u001b[2m❯\u001b[22m node_modules/mongodb/src/utils.ts:\u001b[2m379:15\u001b[22m\u001b[39m\n\n\u001b[31m\u001b[2m⎯⎯⎯⎯⎯⎯⎯⎯⎯⎯⎯⎯⎯⎯⎯⎯⎯⎯⎯⎯⎯⎯⎯⎯[1/1]⎯\u001b[22m\u001b[39m\n\n\n    at ChildProcess.<anonymous> (/Users/prasanrajpurohit/Documents/repos/github/sdlc-genie-backend/packages/util-aider-cli/src/helpers/shell.ts:41:18)\n    at ChildProcess.emit (node:events:518:28)\n    at maybeClose (node:internal/child_process:1101:16)\n    at Process.ChildProcess._handle.onexit (node:internal/child_process:304:5)\n    at Process.callbackTrampoline (node:internal/async_hooks:130:17)","message":"Command failed with exit code 1: \n\u001b[31m⎯⎯⎯⎯⎯⎯⎯\u001b[39m\u001b[1m\u001b[41m Failed Tests 1 \u001b[49m\u001b[22m\u001b[31m⎯⎯⎯⎯⎯⎯⎯\u001b[39m\n\n\u001b[41m\u001b[1m FAIL \u001b[22m\u001b[49m tests/unit/database/user-seed.test.ts\u001b[2m > \u001b[22mUser Seed\u001b[2m > \u001b[22mshould seed users into the database\n\u001b[31m\u001b[1mMongoBulkWriteError\u001b[22m: E11000 duplicate key error collection: dbSdlcGenie.users index: _id_ dup key: { _id: ObjectId('692f1a28f4c1268d4b472e3b') }\u001b[39m\n\u001b[90m \u001b[2m❯\u001b[22m OrderedBulkOperation.handleWriteError node_modules/mongodb/src/bulk/common.ts:\u001b[2m1274:9\u001b[22m\u001b[39m\n\u001b[90m \u001b[2m❯\u001b[22m resultHandler node_modules/mongodb/src/bulk/common.ts:\u001b[2m586:23\u001b[22m\u001b[39m\n\u001b[90m \u001b[2m❯\u001b[22m node_modules/mongodb/src/utils.ts:\u001b[2m379:15\u001b[22m\u001b[39m\n\n\u001b[31m\u001b[2m⎯⎯⎯⎯⎯⎯⎯⎯⎯⎯⎯⎯⎯⎯⎯⎯⎯⎯⎯⎯⎯⎯⎯⎯[1/1]⎯\u001b[22m\u001b[39m\n\n"}
+

# 2025-12-02 22:26:15.583168
+Following shell commands execution failed (check .aider.chat.history.md file) :
+   command: vitest run
+ error: {"stack":"Error: Command failed with exit code 1: \n\u001b[31m⎯⎯⎯⎯⎯⎯⎯\u001b[39m\u001b[1m\u001b[41m Failed Tests 1 \u001b[49m\u001b[22m\u001b[31m⎯⎯⎯⎯⎯⎯⎯\u001b[39m\n\n\u001b[41m\u001b[1m FAIL \u001b[22m\u001b[49m tests/unit/database/user-seed.test.ts\u001b[2m > \u001b[22mUser Seed\u001b[2m > \u001b[22mshould seed users into the database\n\u001b[31m\u001b[1mMongoBulkWriteError\u001b[22m: E11000 duplicate key error collection: dbSdlcGenie.users index: _id_ dup key: { _id: ObjectId('692f1a28f4c1268d4b472e3b') }\u001b[39m\n\u001b[90m \u001b[2m❯\u001b[22m OrderedBulkOperation.handleWriteError node_modules/mongodb/src/bulk/common.ts:\u001b[2m1274:9\u001b[22m\u001b[39m\n\u001b[90m \u001b[2m❯\u001b[22m resultHandler node_modules/mongodb/src/bulk/common.ts:\u001b[2m586:23\u001b[22m\u001b[39m\n\u001b[90m \u001b[2m❯\u001b[22m node_modules/mongodb/src/utils.ts:\u001b[2m379:15\u001b[22m\u001b[39m\n\n\u001b[31m\u001b[2m⎯⎯⎯⎯⎯⎯⎯⎯⎯⎯⎯⎯⎯⎯⎯⎯⎯⎯⎯⎯⎯⎯⎯⎯[1/1]⎯\u001b[22m\u001b[39m\n\n\n    at ChildProcess.<anonymous> (/Users/prasanrajpurohit/Documents/repos/github/sdlc-genie-backend/packages/util-aider-cli/src/helpers/shell.ts:41:18)\n    at ChildProcess.emit (node:events:518:28)\n    at maybeClose (node:internal/child_process:1101:16)\n    at Process.ChildProcess._handle.onexit (node:internal/child_process:304:5)\n    at Process.callbackTrampoline (node:internal/async_hooks:130:17)","message":"Command failed with exit code 1: \n\u001b[31m⎯⎯⎯⎯⎯⎯⎯\u001b[39m\u001b[1m\u001b[41m Failed Tests 1 \u001b[49m\u001b[22m\u001b[31m⎯⎯⎯⎯⎯⎯⎯\u001b[39m\n\n\u001b[41m\u001b[1m FAIL \u001b[22m\u001b[49m tests/unit/database/user-seed.test.ts\u001b[2m > \u001b[22mUser Seed\u001b[2m > \u001b[22mshould seed users into the database\n\u001b[31m\u001b[1mMongoBulkWriteError\u001b[22m: E11000 duplicate key error collection: dbSdlcGenie.users index: _id_ dup key: { _id: ObjectId('692f1a28f4c1268d4b472e3b') }\u001b[39m\n\u001b[90m \u001b[2m❯\u001b[22m OrderedBulkOperation.handleWriteError node_modules/mongodb/src/bulk/common.ts:\u001b[2m1274:9\u001b[22m\u001b[39m\n\u001b[90m \u001b[2m❯\u001b[22m resultHandler node_modules/mongodb/src/bulk/common.ts:\u001b[2m586:23\u001b[22m\u001b[39m\n\u001b[90m \u001b[2m❯\u001b[22m node_modules/mongodb/src/utils.ts:\u001b[2m379:15\u001b[22m\u001b[39m\n\n\u001b[31m\u001b[2m⎯⎯⎯⎯⎯⎯⎯⎯⎯⎯⎯⎯⎯⎯⎯⎯⎯⎯⎯⎯⎯⎯⎯⎯[1/1]⎯\u001b[22m\u001b[39m\n\n"}
+

# 2025-12-02 22:26:39.043457
+Following shell commands execution failed (check .aider.chat.history.md file) :
+   command: vitest run
+ error: {"stack":"Error: Command failed with exit code 1: \n\u001b[31m⎯⎯⎯⎯⎯⎯⎯\u001b[39m\u001b[1m\u001b[41m Failed Tests 1 \u001b[49m\u001b[22m\u001b[31m⎯⎯⎯⎯⎯⎯⎯\u001b[39m\n\n\u001b[41m\u001b[1m FAIL \u001b[22m\u001b[49m tests/unit/database/user-seed.test.ts\u001b[2m > \u001b[22mUser Seed\u001b[2m > \u001b[22mshould seed users into the database\n\u001b[31m\u001b[1mAssertionError\u001b[22m: expected 4 to be 2 // Object.is equality\u001b[39m\n\n\u001b[32m- Expected\u001b[39m\n\u001b[31m+ Received\u001b[39m\n\n\u001b[32m- 2\u001b[39m\n\u001b[31m+ 4\u001b[39m\n\n\u001b[36m \u001b[2m❯\u001b[22m tests/unit/database/user-seed.test.ts:\u001b[2m27:26\u001b[22m\u001b[39m\n    \u001b[90m 25| \u001b[39m    \u001b[90m// Verify users are seeded\u001b[39m\n    \u001b[90m 26| \u001b[39m    \u001b[35mconst\u001b[39m users \u001b[33m=\u001b[39m \u001b[35mawait\u001b[39m usersCollection\u001b[33m.\u001b[39m\u001b[34mfind\u001b[39m({})\u001b[33m.\u001b[39m\u001b[34mtoArray\u001b[39m()\u001b[33m;\u001b[39m\n    \u001b[90m 27| \u001b[39m    \u001b[34mexpect\u001b[39m(users\u001b[33m.\u001b[39mlength)\u001b[33m.\u001b[39m\u001b[34mtoBe\u001b[39m(\u001b[34m2\u001b[39m)\u001b[33m;\u001b[39m\n    \u001b[90m   | \u001b[39m                         \u001b[31m^\u001b[39m\n    \u001b[90m 28| \u001b[39m    \u001b[34mexpect\u001b[39m(users[\u001b[34m0\u001b[39m])\u001b[33m.\u001b[39m\u001b[34mtoHaveProperty\u001b[39m(\u001b[32m\"name\"\u001b[39m\u001b[33m,\u001b[39m \u001b[32m\"John Doe\"\u001b[39m)\u001b[33m;\u001b[39m\n    \u001b[90m 29| \u001b[39m    \u001b[34mexpect\u001b[39m(users[\u001b[34m1\u001b[39m])\u001b[33m.\u001b[39m\u001b[34mtoHaveProperty\u001b[39m(\u001b[32m\"name\"\u001b[39m\u001b[33m,\u001b[39m \u001b[32m\"Jane Smith\"\u001b[39m)\u001b[33m;\u001b[39m\n\n\u001b[31m\u001b[2m⎯⎯⎯⎯⎯⎯⎯⎯⎯⎯⎯⎯⎯⎯⎯⎯⎯⎯⎯⎯⎯⎯⎯⎯[1/1]⎯\u001b[22m\u001b[39m\n\n\n    at ChildProcess.<anonymous> (/Users/prasanrajpurohit/Documents/repos/github/sdlc-genie-backend/packages/util-aider-cli/src/helpers/shell.ts:41:18)\n    at ChildProcess.emit (node:events:518:28)\n    at maybeClose (node:internal/child_process:1101:16)\n    at Process.ChildProcess._handle.onexit (node:internal/child_process:304:5)\n    at Process.callbackTrampoline (node:internal/async_hooks:130:17)","message":"Command failed with exit code 1: \n\u001b[31m⎯⎯⎯⎯⎯⎯⎯\u001b[39m\u001b[1m\u001b[41m Failed Tests 1 \u001b[49m\u001b[22m\u001b[31m⎯⎯⎯⎯⎯⎯⎯\u001b[39m\n\n\u001b[41m\u001b[1m FAIL \u001b[22m\u001b[49m tests/unit/database/user-seed.test.ts\u001b[2m > \u001b[22mUser Seed\u001b[2m > \u001b[22mshould seed users into the database\n\u001b[31m\u001b[1mAssertionError\u001b[22m: expected 4 to be 2 // Object.is equality\u001b[39m\n\n\u001b[32m- Expected\u001b[39m\n\u001b[31m+ Received\u001b[39m\n\n\u001b[32m- 2\u001b[39m\n\u001b[31m+ 4\u001b[39m\n\n\u001b[36m \u001b[2m❯\u001b[22m tests/unit/database/user-seed.test.ts:\u001b[2m27:26\u001b[22m\u001b[39m\n    \u001b[90m 25| \u001b[39m    \u001b[90m// Verify users are seeded\u001b[39m\n    \u001b[90m 26| \u001b[39m    \u001b[35mconst\u001b[39m users \u001b[33m=\u001b[39m \u001b[35mawait\u001b[39m usersCollection\u001b[33m.\u001b[39m\u001b[34mfind\u001b[39m({})\u001b[33m.\u001b[39m\u001b[34mtoArray\u001b[39m()\u001b[33m;\u001b[39m\n    \u001b[90m 27| \u001b[39m    \u001b[34mexpect\u001b[39m(users\u001b[33m.\u001b[39mlength)\u001b[33m.\u001b[39m\u001b[34mtoBe\u001b[39m(\u001b[34m2\u001b[39m)\u001b[33m;\u001b[39m\n    \u001b[90m   | \u001b[39m                         \u001b[31m^\u001b[39m\n    \u001b[90m 28| \u001b[39m    \u001b[34mexpect\u001b[39m(users[\u001b[34m0\u001b[39m])\u001b[33m.\u001b[39m\u001b[34mtoHaveProperty\u001b[39m(\u001b[32m\"name\"\u001b[39m\u001b[33m,\u001b[39m \u001b[32m\"John Doe\"\u001b[39m)\u001b[33m;\u001b[39m\n    \u001b[90m 29| \u001b[39m    \u001b[34mexpect\u001b[39m(users[\u001b[34m1\u001b[39m])\u001b[33m.\u001b[39m\u001b[34mtoHaveProperty\u001b[39m(\u001b[32m\"name\"\u001b[39m\u001b[33m,\u001b[39m \u001b[32m\"Jane Smith\"\u001b[39m)\u001b[33m;\u001b[39m\n\n\u001b[31m\u001b[2m⎯⎯⎯⎯⎯⎯⎯⎯⎯⎯⎯⎯⎯⎯⎯⎯⎯⎯⎯⎯⎯⎯⎯⎯[1/1]⎯\u001b[22m\u001b[39m\n\n"}
+

# 2025-12-02 22:26:39.043763
+Following shell commands execution failed (check .aider.chat.history.md file) :
+   command: vitest run
+ error: {"stack":"Error: Command failed with exit code 1: \n\u001b[31m⎯⎯⎯⎯⎯⎯⎯\u001b[39m\u001b[1m\u001b[41m Failed Tests 1 \u001b[49m\u001b[22m\u001b[31m⎯⎯⎯⎯⎯⎯⎯\u001b[39m\n\n\u001b[41m\u001b[1m FAIL \u001b[22m\u001b[49m tests/unit/database/user-seed.test.ts\u001b[2m > \u001b[22mUser Seed\u001b[2m > \u001b[22mshould seed users into the database\n\u001b[31m\u001b[1mAssertionError\u001b[22m: expected 4 to be 2 // Object.is equality\u001b[39m\n\n\u001b[32m- Expected\u001b[39m\n\u001b[31m+ Received\u001b[39m\n\n\u001b[32m- 2\u001b[39m\n\u001b[31m+ 4\u001b[39m\n\n\u001b[36m \u001b[2m❯\u001b[22m tests/unit/database/user-seed.test.ts:\u001b[2m27:26\u001b[22m\u001b[39m\n    \u001b[90m 25| \u001b[39m    \u001b[90m// Verify users are seeded\u001b[39m\n    \u001b[90m 26| \u001b[39m    \u001b[35mconst\u001b[39m users \u001b[33m=\u001b[39m \u001b[35mawait\u001b[39m usersCollection\u001b[33m.\u001b[39m\u001b[34mfind\u001b[39m({})\u001b[33m.\u001b[39m\u001b[34mtoArray\u001b[39m()\u001b[33m;\u001b[39m\n    \u001b[90m 27| \u001b[39m    \u001b[34mexpect\u001b[39m(users\u001b[33m.\u001b[39mlength)\u001b[33m.\u001b[39m\u001b[34mtoBe\u001b[39m(\u001b[34m2\u001b[39m)\u001b[33m;\u001b[39m\n    \u001b[90m   | \u001b[39m                         \u001b[31m^\u001b[39m\n    \u001b[90m 28| \u001b[39m    \u001b[34mexpect\u001b[39m(users[\u001b[34m0\u001b[39m])\u001b[33m.\u001b[39m\u001b[34mtoHaveProperty\u001b[39m(\u001b[32m\"name\"\u001b[39m\u001b[33m,\u001b[39m \u001b[32m\"John Doe\"\u001b[39m)\u001b[33m;\u001b[39m\n    \u001b[90m 29| \u001b[39m    \u001b[34mexpect\u001b[39m(users[\u001b[34m1\u001b[39m])\u001b[33m.\u001b[39m\u001b[34mtoHaveProperty\u001b[39m(\u001b[32m\"name\"\u001b[39m\u001b[33m,\u001b[39m \u001b[32m\"Jane Smith\"\u001b[39m)\u001b[33m;\u001b[39m\n\n\u001b[31m\u001b[2m⎯⎯⎯⎯⎯⎯⎯⎯⎯⎯⎯⎯⎯⎯⎯⎯⎯⎯⎯⎯⎯⎯⎯⎯[1/1]⎯\u001b[22m\u001b[39m\n\n\n    at ChildProcess.<anonymous> (/Users/prasanrajpurohit/Documents/repos/github/sdlc-genie-backend/packages/util-aider-cli/src/helpers/shell.ts:41:18)\n    at ChildProcess.emit (node:events:518:28)\n    at maybeClose (node:internal/child_process:1101:16)\n    at Process.ChildProcess._handle.onexit (node:internal/child_process:304:5)\n    at Process.callbackTrampoline (node:internal/async_hooks:130:17)","message":"Command failed with exit code 1: \n\u001b[31m⎯⎯⎯⎯⎯⎯⎯\u001b[39m\u001b[1m\u001b[41m Failed Tests 1 \u001b[49m\u001b[22m\u001b[31m⎯⎯⎯⎯⎯⎯⎯\u001b[39m\n\n\u001b[41m\u001b[1m FAIL \u001b[22m\u001b[49m tests/unit/database/user-seed.test.ts\u001b[2m > \u001b[22mUser Seed\u001b[2m > \u001b[22mshould seed users into the database\n\u001b[31m\u001b[1mAssertionError\u001b[22m: expected 4 to be 2 // Object.is equality\u001b[39m\n\n\u001b[32m- Expected\u001b[39m\n\u001b[31m+ Received\u001b[39m\n\n\u001b[32m- 2\u001b[39m\n\u001b[31m+ 4\u001b[39m\n\n\u001b[36m \u001b[2m❯\u001b[22m tests/unit/database/user-seed.test.ts:\u001b[2m27:26\u001b[22m\u001b[39m\n    \u001b[90m 25| \u001b[39m    \u001b[90m// Verify users are seeded\u001b[39m\n    \u001b[90m 26| \u001b[39m    \u001b[35mconst\u001b[39m users \u001b[33m=\u001b[39m \u001b[35mawait\u001b[39m usersCollection\u001b[33m.\u001b[39m\u001b[34mfind\u001b[39m({})\u001b[33m.\u001b[39m\u001b[34mtoArray\u001b[39m()\u001b[33m;\u001b[39m\n    \u001b[90m 27| \u001b[39m    \u001b[34mexpect\u001b[39m(users\u001b[33m.\u001b[39mlength)\u001b[33m.\u001b[39m\u001b[34mtoBe\u001b[39m(\u001b[34m2\u001b[39m)\u001b[33m;\u001b[39m\n    \u001b[90m   | \u001b[39m                         \u001b[31m^\u001b[39m\n    \u001b[90m 28| \u001b[39m    \u001b[34mexpect\u001b[39m(users[\u001b[34m0\u001b[39m])\u001b[33m.\u001b[39m\u001b[34mtoHaveProperty\u001b[39m(\u001b[32m\"name\"\u001b[39m\u001b[33m,\u001b[39m \u001b[32m\"John Doe\"\u001b[39m)\u001b[33m;\u001b[39m\n    \u001b[90m 29| \u001b[39m    \u001b[34mexpect\u001b[39m(users[\u001b[34m1\u001b[39m])\u001b[33m.\u001b[39m\u001b[34mtoHaveProperty\u001b[39m(\u001b[32m\"name\"\u001b[39m\u001b[33m,\u001b[39m \u001b[32m\"Jane Smith\"\u001b[39m)\u001b[33m;\u001b[39m\n\n\u001b[31m\u001b[2m⎯⎯⎯⎯⎯⎯⎯⎯⎯⎯⎯⎯⎯⎯⎯⎯⎯⎯⎯⎯⎯⎯⎯⎯[1/1]⎯\u001b[22m\u001b[39m\n\n"}
+
